{"D:\\Downloads\\ScannerApp\\backend\\server.js": {"path":"D:\\Downloads\\ScannerApp\\backend\\server.js","statementMap":{"0":{"start":{"line":1,"column":16},"end":{"line":1,"column":34}},"1":{"start":{"line":2,"column":13},"end":{"line":2,"column":28}},"2":{"start":{"line":3,"column":19},"end":{"line":3,"column":49}},"3":{"start":{"line":4,"column":22},"end":{"line":4,"column":55}},"4":{"start":{"line":5,"column":13},"end":{"line":5,"column":28}},"5":{"start":{"line":6,"column":0},"end":{"line":6,"column":27}},"6":{"start":{"line":8,"column":12},"end":{"line":8,"column":21}},"7":{"start":{"line":11,"column":0},"end":{"line":11,"column":16}},"8":{"start":{"line":12,"column":0},"end":{"line":12,"column":24}},"9":{"start":{"line":13,"column":0},"end":{"line":13,"column":65}},"10":{"start":{"line":14,"column":0},"end":{"line":14,"column":51}},"11":{"start":{"line":15,"column":0},"end":{"line":15,"column":78}},"12":{"start":{"line":17,"column":0},"end":{"line":17,"column":69}},"13":{"start":{"line":18,"column":0},"end":{"line":18,"column":75}},"14":{"start":{"line":21,"column":0},"end":{"line":21,"column":28}},"15":{"start":{"line":22,"column":0},"end":{"line":22,"column":31}},"16":{"start":{"line":25,"column":0},"end":{"line":27,"column":3}},"17":{"start":{"line":26,"column":1},"end":{"line":26,"column":76}},"18":{"start":{"line":29,"column":0},"end":{"line":31,"column":3}},"19":{"start":{"line":30,"column":1},"end":{"line":30,"column":16}},"20":{"start":{"line":33,"column":0},"end":{"line":35,"column":1}},"21":{"start":{"line":34,"column":2},"end":{"line":34,"column":56}},"22":{"start":{"line":34,"column":25},"end":{"line":34,"column":54}},"23":{"start":{"line":37,"column":0},"end":{"line":37,"column":21}}},"fnMap":{"0":{"name":"(anonymous_0)","decl":{"start":{"line":25,"column":13},"end":{"line":25,"column":14}},"loc":{"start":{"line":25,"column":27},"end":{"line":27,"column":1}},"line":25},"1":{"name":"(anonymous_1)","decl":{"start":{"line":29,"column":19},"end":{"line":29,"column":20}},"loc":{"start":{"line":29,"column":33},"end":{"line":31,"column":1}},"line":29},"2":{"name":"(anonymous_2)","decl":{"start":{"line":34,"column":19},"end":{"line":34,"column":20}},"loc":{"start":{"line":34,"column":25},"end":{"line":34,"column":54}},"line":34}},"branchMap":{"0":{"loc":{"start":{"line":33,"column":0},"end":{"line":35,"column":1}},"type":"if","locations":[{"start":{"line":33,"column":0},"end":{"line":35,"column":1}},{"start":{},"end":{}}],"line":33}},"s":{"0":1,"1":1,"2":1,"3":1,"4":1,"5":1,"6":1,"7":1,"8":1,"9":1,"10":1,"11":1,"12":1,"13":1,"14":1,"15":1,"16":1,"17":1,"18":1,"19":5,"20":1,"21":0,"22":0,"23":1},"f":{"0":1,"1":5,"2":0},"b":{"0":[0,1]},"_coverageSchema":"1a1c01bbd47fc00a2c39e90264f33305004495a9","hash":"a4bf21ce0af595daa454e25ad39027bfc158a122"}
,"D:\\Downloads\\ScannerApp\\backend\\routes\\contactRoutes.js": {"path":"D:\\Downloads\\ScannerApp\\backend\\routes\\contactRoutes.js","statementMap":{"0":{"start":{"line":1,"column":16},"end":{"line":1,"column":34}},"1":{"start":{"line":2,"column":19},"end":{"line":2,"column":40}},"2":{"start":{"line":4,"column":15},"end":{"line":4,"column":31}},"3":{"start":{"line":7,"column":0},"end":{"line":45,"column":3}},"4":{"start":{"line":8,"column":35},"end":{"line":8,"column":49}},"5":{"start":{"line":10,"column":2},"end":{"line":12,"column":3}},"6":{"start":{"line":11,"column":4},"end":{"line":11,"column":85}},"7":{"start":{"line":14,"column":2},"end":{"line":44,"column":3}},"8":{"start":{"line":15,"column":24},"end":{"line":23,"column":6}},"9":{"start":{"line":25,"column":22},"end":{"line":25,"column":76}},"10":{"start":{"line":26,"column":24},"end":{"line":26,"column":79}},"11":{"start":{"line":28,"column":4},"end":{"line":30,"column":5}},"12":{"start":{"line":29,"column":6},"end":{"line":29,"column":86}},"13":{"start":{"line":32,"column":4},"end":{"line":38,"column":7}},"14":{"start":{"line":40,"column":4},"end":{"line":40,"column":67}},"15":{"start":{"line":42,"column":4},"end":{"line":42,"column":46}},"16":{"start":{"line":43,"column":4},"end":{"line":43,"column":63}},"17":{"start":{"line":47,"column":0},"end":{"line":47,"column":24}}},"fnMap":{"0":{"name":"(anonymous_0)","decl":{"start":{"line":7,"column":24},"end":{"line":7,"column":25}},"loc":{"start":{"line":7,"column":44},"end":{"line":45,"column":1}},"line":7}},"branchMap":{"0":{"loc":{"start":{"line":8,"column":35},"end":{"line":8,"column":49}},"type":"binary-expr","locations":[{"start":{"line":8,"column":35},"end":{"line":8,"column":43}},{"start":{"line":8,"column":47},"end":{"line":8,"column":49}}],"line":8},"1":{"loc":{"start":{"line":10,"column":2},"end":{"line":12,"column":3}},"type":"if","locations":[{"start":{"line":10,"column":2},"end":{"line":12,"column":3}},{"start":{},"end":{}}],"line":10},"2":{"loc":{"start":{"line":10,"column":6},"end":{"line":10,"column":33}},"type":"binary-expr","locations":[{"start":{"line":10,"column":6},"end":{"line":10,"column":11}},{"start":{"line":10,"column":15},"end":{"line":10,"column":21}},{"start":{"line":10,"column":25},"end":{"line":10,"column":33}}],"line":10},"3":{"loc":{"start":{"line":17,"column":19},"end":{"line":17,"column":47}},"type":"binary-expr","locations":[{"start":{"line":17,"column":19},"end":{"line":17,"column":40}},{"start":{"line":17,"column":44},"end":{"line":17,"column":47}}],"line":17},"4":{"loc":{"start":{"line":25,"column":22},"end":{"line":25,"column":76}},"type":"binary-expr","locations":[{"start":{"line":25,"column":22},"end":{"line":25,"column":50}},{"start":{"line":25,"column":54},"end":{"line":25,"column":76}}],"line":25},"5":{"loc":{"start":{"line":26,"column":24},"end":{"line":26,"column":79}},"type":"binary-expr","locations":[{"start":{"line":26,"column":24},"end":{"line":26,"column":54}},{"start":{"line":26,"column":58},"end":{"line":26,"column":79}}],"line":26},"6":{"loc":{"start":{"line":28,"column":4},"end":{"line":30,"column":5}},"type":"if","locations":[{"start":{"line":28,"column":4},"end":{"line":30,"column":5}},{"start":{},"end":{}}],"line":28},"7":{"loc":{"start":{"line":28,"column":8},"end":{"line":28,"column":82}},"type":"binary-expr","locations":[{"start":{"line":28,"column":8},"end":{"line":28,"column":30}},{"start":{"line":28,"column":34},"end":{"line":28,"column":56}},{"start":{"line":28,"column":60},"end":{"line":28,"column":82}}],"line":28}},"s":{"0":1,"1":1,"2":1,"3":1,"4":0,"5":0,"6":0,"7":0,"8":0,"9":0,"10":0,"11":0,"12":0,"13":0,"14":0,"15":0,"16":0,"17":1},"f":{"0":0},"b":{"0":[0,0],"1":[0,0],"2":[0,0,0],"3":[0,0],"4":[0,0],"5":[0,0],"6":[0,0],"7":[0,0,0]},"_coverageSchema":"1a1c01bbd47fc00a2c39e90264f33305004495a9","hash":"6f7c48fd4354d5d03b722edd07aa292eefc9cc10"}
,"D:\\Downloads\\ScannerApp\\backend\\routes\\scanRoutes.js": {"path":"D:\\Downloads\\ScannerApp\\backend\\routes\\scanRoutes.js","statementMap":{"0":{"start":{"line":79,"column":16},"end":{"line":79,"column":34}},"1":{"start":{"line":80,"column":15},"end":{"line":80,"column":31}},"2":{"start":{"line":81,"column":13},"end":{"line":81,"column":28}},"3":{"start":{"line":82,"column":11},"end":{"line":82,"column":24}},"4":{"start":{"line":83,"column":23},"end":{"line":83,"column":50}},"5":{"start":{"line":86,"column":0},"end":{"line":108,"column":3}},"6":{"start":{"line":87,"column":28},"end":{"line":87,"column":36}},"7":{"start":{"line":88,"column":2},"end":{"line":88,"column":71}},"8":{"start":{"line":88,"column":12},"end":{"line":88,"column":71}},"9":{"start":{"line":90,"column":2},"end":{"line":107,"column":3}},"10":{"start":{"line":91,"column":43},"end":{"line":91,"column":74}},"11":{"start":{"line":92,"column":21},"end":{"line":92,"column":45}},"12":{"start":{"line":94,"column":4},"end":{"line":100,"column":7}},"13":{"start":{"line":102,"column":4},"end":{"line":102,"column":38}},"14":{"start":{"line":103,"column":4},"end":{"line":106,"column":7}},"15":{"start":{"line":111,"column":0},"end":{"line":125,"column":3}},"16":{"start":{"line":112,"column":19},"end":{"line":112,"column":38}},"17":{"start":{"line":113,"column":19},"end":{"line":113,"column":63}},"18":{"start":{"line":115,"column":2},"end":{"line":124,"column":3}},"19":{"start":{"line":116,"column":4},"end":{"line":121,"column":7}},"20":{"start":{"line":117,"column":6},"end":{"line":120,"column":7}},"21":{"start":{"line":118,"column":8},"end":{"line":118,"column":46}},"22":{"start":{"line":119,"column":8},"end":{"line":119,"column":56}},"23":{"start":{"line":123,"column":4},"end":{"line":123,"column":46}},"24":{"start":{"line":127,"column":0},"end":{"line":127,"column":24}}},"fnMap":{"0":{"name":"(anonymous_0)","decl":{"start":{"line":86,"column":21},"end":{"line":86,"column":22}},"loc":{"start":{"line":86,"column":41},"end":{"line":108,"column":1}},"line":86},"1":{"name":"(anonymous_1)","decl":{"start":{"line":111,"column":33},"end":{"line":111,"column":34}},"loc":{"start":{"line":111,"column":47},"end":{"line":125,"column":1}},"line":111},"2":{"name":"(anonymous_2)","decl":{"start":{"line":116,"column":37},"end":{"line":116,"column":38}},"loc":{"start":{"line":116,"column":46},"end":{"line":121,"column":5}},"line":116}},"branchMap":{"0":{"loc":{"start":{"line":88,"column":2},"end":{"line":88,"column":71}},"type":"if","locations":[{"start":{"line":88,"column":2},"end":{"line":88,"column":71}},{"start":{},"end":{}}],"line":88},"1":{"loc":{"start":{"line":99,"column":16},"end":{"line":99,"column":35}},"type":"binary-expr","locations":[{"start":{"line":99,"column":16},"end":{"line":99,"column":24}},{"start":{"line":99,"column":28},"end":{"line":99,"column":35}}],"line":99},"2":{"loc":{"start":{"line":105,"column":15},"end":{"line":105,"column":78}},"type":"cond-expr","locations":[{"start":{"line":105,"column":41},"end":{"line":105,"column":44}},{"start":{"line":105,"column":47},"end":{"line":105,"column":78}}],"line":105},"3":{"loc":{"start":{"line":105,"column":47},"end":{"line":105,"column":78}},"type":"binary-expr","locations":[{"start":{"line":105,"column":47},"end":{"line":105,"column":59}},{"start":{"line":105,"column":63},"end":{"line":105,"column":78}}],"line":105},"4":{"loc":{"start":{"line":115,"column":2},"end":{"line":124,"column":3}},"type":"if","locations":[{"start":{"line":115,"column":2},"end":{"line":124,"column":3}},{"start":{"line":122,"column":9},"end":{"line":124,"column":3}}],"line":115},"5":{"loc":{"start":{"line":117,"column":6},"end":{"line":120,"column":7}},"type":"if","locations":[{"start":{"line":117,"column":6},"end":{"line":120,"column":7}},{"start":{},"end":{}}],"line":117}},"s":{"0":1,"1":1,"2":1,"3":1,"4":1,"5":1,"6":0,"7":0,"8":0,"9":0,"10":0,"11":0,"12":0,"13":0,"14":0,"15":1,"16":0,"17":0,"18":0,"19":0,"20":0,"21":0,"22":0,"23":0,"24":1},"f":{"0":0,"1":0,"2":0},"b":{"0":[0,0],"1":[0,0],"2":[0,0],"3":[0,0],"4":[0,0],"5":[0,0]},"_coverageSchema":"1a1c01bbd47fc00a2c39e90264f33305004495a9","hash":"25fe18f8e52c39c4e365cd1345ce95c1e3e4c214"}
,"D:\\Downloads\\ScannerApp\\backend\\utils\\scanner.js": {"path":"D:\\Downloads\\ScannerApp\\backend\\utils\\scanner.js","statementMap":{"0":{"start":{"line":1,"column":17},"end":{"line":1,"column":41}},"1":{"start":{"line":2,"column":11},"end":{"line":2,"column":24}},"2":{"start":{"line":3,"column":11},"end":{"line":3,"column":24}},"3":{"start":{"line":4,"column":13},"end":{"line":4,"column":28}},"4":{"start":{"line":5,"column":20},"end":{"line":5,"column":37}},"5":{"start":{"line":9,"column":17},"end":{"line":9,"column":19}},"6":{"start":{"line":10,"column":16},"end":{"line":10,"column":51}},"7":{"start":{"line":11,"column":16},"end":{"line":11,"column":39}},"8":{"start":{"line":13,"column":2},"end":{"line":27,"column":3}},"9":{"start":{"line":14,"column":4},"end":{"line":26,"column":7}},"10":{"start":{"line":15,"column":21},"end":{"line":18,"column":7}},"11":{"start":{"line":16,"column":22},"end":{"line":16,"column":75}},"12":{"start":{"line":17,"column":8},"end":{"line":17,"column":44}},"13":{"start":{"line":20,"column":6},"end":{"line":25,"column":9}},"14":{"start":{"line":29,"column":2},"end":{"line":29,"column":16}},"15":{"start":{"line":34,"column":14},"end":{"line":34,"column":31}},"16":{"start":{"line":35,"column":2},"end":{"line":35,"column":42}},"17":{"start":{"line":37,"column":2},"end":{"line":37,"column":79}},"18":{"start":{"line":38,"column":2},"end":{"line":38,"column":17}},"19":{"start":{"line":40,"column":2},"end":{"line":55,"column":3}},"20":{"start":{"line":41,"column":4},"end":{"line":52,"column":7}},"21":{"start":{"line":42,"column":6},"end":{"line":44,"column":65}},"22":{"start":{"line":46,"column":6},"end":{"line":51,"column":20}},"23":{"start":{"line":54,"column":4},"end":{"line":54,"column":60}},"24":{"start":{"line":57,"column":2},"end":{"line":59,"column":5}},"25":{"start":{"line":60,"column":2},"end":{"line":60,"column":12}},"26":{"start":{"line":65,"column":2},"end":{"line":166,"column":5}},"27":{"start":{"line":66,"column":22},"end":{"line":66,"column":32}},"28":{"start":{"line":67,"column":23},"end":{"line":67,"column":60}},"29":{"start":{"line":68,"column":23},"end":{"line":68,"column":77}},"30":{"start":{"line":69,"column":23},"end":{"line":69,"column":68}},"31":{"start":{"line":70,"column":20},"end":{"line":70,"column":65}},"32":{"start":{"line":72,"column":4},"end":{"line":72,"column":50}},"33":{"start":{"line":73,"column":4},"end":{"line":73,"column":50}},"34":{"start":{"line":75,"column":22},"end":{"line":75,"column":47}},"35":{"start":{"line":76,"column":23},"end":{"line":76,"column":101}},"36":{"start":{"line":78,"column":17},"end":{"line":78,"column":52}},"37":{"start":{"line":79,"column":19},"end":{"line":79,"column":34}},"38":{"start":{"line":81,"column":17},"end":{"line":88,"column":5}},"39":{"start":{"line":90,"column":4},"end":{"line":99,"column":5}},"40":{"start":{"line":92,"column":6},"end":{"line":98,"column":8}},"41":{"start":{"line":101,"column":20},"end":{"line":101,"column":34}},"42":{"start":{"line":103,"column":4},"end":{"line":103,"column":40}},"43":{"start":{"line":104,"column":4},"end":{"line":104,"column":37}},"44":{"start":{"line":106,"column":27},"end":{"line":110,"column":16}},"45":{"start":{"line":112,"column":4},"end":{"line":165,"column":7}},"46":{"start":{"line":117,"column":6},"end":{"line":117,"column":53}},"47":{"start":{"line":117,"column":18},"end":{"line":117,"column":53}},"48":{"start":{"line":118,"column":6},"end":{"line":118,"column":55}},"49":{"start":{"line":118,"column":18},"end":{"line":118,"column":55}},"50":{"start":{"line":120,"column":6},"end":{"line":127,"column":7}},"51":{"start":{"line":121,"column":8},"end":{"line":126,"column":11}},"52":{"start":{"line":129,"column":27},"end":{"line":129,"column":52}},"53":{"start":{"line":130,"column":6},"end":{"line":146,"column":7}},"54":{"start":{"line":131,"column":27},"end":{"line":131,"column":59}},"55":{"start":{"line":132,"column":25},"end":{"line":132,"column":27}},"56":{"start":{"line":133,"column":8},"end":{"line":138,"column":9}},"57":{"start":{"line":134,"column":10},"end":{"line":137,"column":24}},"58":{"start":{"line":135,"column":28},"end":{"line":135,"column":63}},"59":{"start":{"line":136,"column":12},"end":{"line":136,"column":46}},"60":{"start":{"line":140,"column":8},"end":{"line":145,"column":10}},"61":{"start":{"line":148,"column":6},"end":{"line":150,"column":7}},"62":{"start":{"line":149,"column":8},"end":{"line":149,"column":63}},"63":{"start":{"line":152,"column":6},"end":{"line":164,"column":9}},"64":{"start":{"line":153,"column":8},"end":{"line":153,"column":80}},"65":{"start":{"line":153,"column":17},"end":{"line":153,"column":80}},"66":{"start":{"line":155,"column":23},"end":{"line":155,"column":47}},"67":{"start":{"line":156,"column":8},"end":{"line":156,"column":37}},"68":{"start":{"line":158,"column":8},"end":{"line":163,"column":11}},"69":{"start":{"line":169,"column":0},"end":{"line":169,"column":32}}},"fnMap":{"0":{"name":"parseAlertsFromXML","decl":{"start":{"line":8,"column":9},"end":{"line":8,"column":27}},"loc":{"start":{"line":8,"column":40},"end":{"line":30,"column":1}},"line":8},"1":{"name":"(anonymous_1)","decl":{"start":{"line":14,"column":18},"end":{"line":14,"column":19}},"loc":{"start":{"line":14,"column":28},"end":{"line":26,"column":5}},"line":14},"2":{"name":"(anonymous_2)","decl":{"start":{"line":15,"column":21},"end":{"line":15,"column":22}},"loc":{"start":{"line":15,"column":30},"end":{"line":18,"column":7}},"line":15},"3":{"name":"generatePDF","decl":{"start":{"line":33,"column":9},"end":{"line":33,"column":20}},"loc":{"start":{"line":33,"column":38},"end":{"line":61,"column":1}},"line":33},"4":{"name":"(anonymous_4)","decl":{"start":{"line":41,"column":19},"end":{"line":41,"column":20}},"loc":{"start":{"line":41,"column":35},"end":{"line":52,"column":5}},"line":41},"5":{"name":"runZAPScan","decl":{"start":{"line":64,"column":9},"end":{"line":64,"column":19}},"loc":{"start":{"line":64,"column":45},"end":{"line":167,"column":1}},"line":64},"6":{"name":"(anonymous_6)","decl":{"start":{"line":65,"column":21},"end":{"line":65,"column":22}},"loc":{"start":{"line":65,"column":42},"end":{"line":166,"column":3}},"line":65},"7":{"name":"(anonymous_7)","decl":{"start":{"line":116,"column":7},"end":{"line":116,"column":8}},"loc":{"start":{"line":116,"column":34},"end":{"line":165,"column":5}},"line":116},"8":{"name":"(anonymous_8)","decl":{"start":{"line":152,"column":38},"end":{"line":152,"column":39}},"loc":{"start":{"line":152,"column":53},"end":{"line":164,"column":7}},"line":152}},"branchMap":{"0":{"loc":{"start":{"line":13,"column":2},"end":{"line":27,"column":3}},"type":"if","locations":[{"start":{"line":13,"column":2},"end":{"line":27,"column":3}},{"start":{},"end":{}}],"line":13},"1":{"loc":{"start":{"line":17,"column":15},"end":{"line":17,"column":43}},"type":"cond-expr","locations":[{"start":{"line":17,"column":23},"end":{"line":17,"column":38}},{"start":{"line":17,"column":41},"end":{"line":17,"column":43}}],"line":17},"2":{"loc":{"start":{"line":40,"column":2},"end":{"line":55,"column":3}},"type":"if","locations":[{"start":{"line":40,"column":2},"end":{"line":55,"column":3}},{"start":{"line":53,"column":9},"end":{"line":55,"column":3}}],"line":40},"3":{"loc":{"start":{"line":49,"column":30},"end":{"line":49,"column":56}},"type":"binary-expr","locations":[{"start":{"line":49,"column":30},"end":{"line":49,"column":47}},{"start":{"line":49,"column":51},"end":{"line":49,"column":56}}],"line":49},"4":{"loc":{"start":{"line":50,"column":27},"end":{"line":50,"column":50}},"type":"binary-expr","locations":[{"start":{"line":50,"column":27},"end":{"line":50,"column":41}},{"start":{"line":50,"column":45},"end":{"line":50,"column":50}}],"line":50},"5":{"loc":{"start":{"line":64,"column":25},"end":{"line":64,"column":43}},"type":"default-arg","locations":[{"start":{"line":64,"column":36},"end":{"line":64,"column":43}}],"line":64},"6":{"loc":{"start":{"line":76,"column":23},"end":{"line":76,"column":101}},"type":"cond-expr","locations":[{"start":{"line":76,"column":35},"end":{"line":76,"column":88}},{"start":{"line":76,"column":91},"end":{"line":76,"column":101}}],"line":76},"7":{"loc":{"start":{"line":78,"column":18},"end":{"line":78,"column":37}},"type":"binary-expr","locations":[{"start":{"line":78,"column":18},"end":{"line":78,"column":26}},{"start":{"line":78,"column":30},"end":{"line":78,"column":37}}],"line":78},"8":{"loc":{"start":{"line":90,"column":4},"end":{"line":99,"column":5}},"type":"if","locations":[{"start":{"line":90,"column":4},"end":{"line":99,"column":5}},{"start":{},"end":{}}],"line":90},"9":{"loc":{"start":{"line":106,"column":27},"end":{"line":110,"column":16}},"type":"cond-expr","locations":[{"start":{"line":107,"column":8},"end":{"line":107,"column":42}},{"start":{"line":108,"column":8},"end":{"line":110,"column":16}}],"line":106},"10":{"loc":{"start":{"line":108,"column":8},"end":{"line":110,"column":16}},"type":"cond-expr","locations":[{"start":{"line":109,"column":10},"end":{"line":109,"column":16}},{"start":{"line":110,"column":10},"end":{"line":110,"column":16}}],"line":108},"11":{"loc":{"start":{"line":113,"column":11},"end":{"line":113,"column":77}},"type":"cond-expr","locations":[{"start":{"line":113,"column":23},"end":{"line":113,"column":65}},{"start":{"line":113,"column":68},"end":{"line":113,"column":77}}],"line":113},"12":{"loc":{"start":{"line":117,"column":6},"end":{"line":117,"column":53}},"type":"if","locations":[{"start":{"line":117,"column":6},"end":{"line":117,"column":53}},{"start":{},"end":{}}],"line":117},"13":{"loc":{"start":{"line":118,"column":6},"end":{"line":118,"column":55}},"type":"if","locations":[{"start":{"line":118,"column":6},"end":{"line":118,"column":55}},{"start":{},"end":{}}],"line":118},"14":{"loc":{"start":{"line":120,"column":6},"end":{"line":127,"column":7}},"type":"if","locations":[{"start":{"line":120,"column":6},"end":{"line":127,"column":7}},{"start":{},"end":{}}],"line":120},"15":{"loc":{"start":{"line":130,"column":6},"end":{"line":146,"column":7}},"type":"if","locations":[{"start":{"line":130,"column":6},"end":{"line":146,"column":7}},{"start":{},"end":{}}],"line":130},"16":{"loc":{"start":{"line":130,"column":10},"end":{"line":130,"column":32}},"type":"binary-expr","locations":[{"start":{"line":130,"column":10},"end":{"line":130,"column":15}},{"start":{"line":130,"column":19},"end":{"line":130,"column":32}}],"line":130},"17":{"loc":{"start":{"line":133,"column":8},"end":{"line":138,"column":9}},"type":"if","locations":[{"start":{"line":133,"column":8},"end":{"line":138,"column":9}},{"start":{},"end":{}}],"line":133},"18":{"loc":{"start":{"line":141,"column":30},"end":{"line":141,"column":66}},"type":"binary-expr","locations":[{"start":{"line":141,"column":30},"end":{"line":141,"column":36}},{"start":{"line":141,"column":40},"end":{"line":141,"column":53}},{"start":{"line":141,"column":57},"end":{"line":141,"column":66}}],"line":141},"19":{"loc":{"start":{"line":142,"column":13},"end":{"line":142,"column":55}},"type":"cond-expr","locations":[{"start":{"line":142,"column":26},"end":{"line":142,"column":50}},{"start":{"line":142,"column":53},"end":{"line":142,"column":55}}],"line":142},"20":{"loc":{"start":{"line":143,"column":13},"end":{"line":143,"column":61}},"type":"cond-expr","locations":[{"start":{"line":143,"column":28},"end":{"line":143,"column":56}},{"start":{"line":143,"column":59},"end":{"line":143,"column":61}}],"line":143},"21":{"loc":{"start":{"line":144,"column":13},"end":{"line":144,"column":63}},"type":"cond-expr","locations":[{"start":{"line":144,"column":26},"end":{"line":144,"column":58}},{"start":{"line":144,"column":61},"end":{"line":144,"column":63}}],"line":144},"22":{"loc":{"start":{"line":148,"column":6},"end":{"line":150,"column":7}},"type":"if","locations":[{"start":{"line":148,"column":6},"end":{"line":150,"column":7}},{"start":{},"end":{}}],"line":148},"23":{"loc":{"start":{"line":153,"column":8},"end":{"line":153,"column":80}},"type":"if","locations":[{"start":{"line":153,"column":8},"end":{"line":153,"column":80}},{"start":{},"end":{}}],"line":153}},"s":{"0":1,"1":1,"2":1,"3":1,"4":1,"5":0,"6":0,"7":0,"8":0,"9":0,"10":0,"11":0,"12":0,"13":0,"14":0,"15":0,"16":0,"17":0,"18":0,"19":0,"20":0,"21":0,"22":0,"23":0,"24":0,"25":0,"26":0,"27":0,"28":0,"29":0,"30":0,"31":0,"32":0,"33":0,"34":0,"35":0,"36":0,"37":0,"38":0,"39":0,"40":0,"41":0,"42":0,"43":0,"44":0,"45":0,"46":0,"47":0,"48":0,"49":0,"50":0,"51":0,"52":0,"53":0,"54":0,"55":0,"56":0,"57":0,"58":0,"59":0,"60":0,"61":0,"62":0,"63":0,"64":0,"65":0,"66":0,"67":0,"68":0,"69":1},"f":{"0":0,"1":0,"2":0,"3":0,"4":0,"5":0,"6":0,"7":0,"8":0},"b":{"0":[0,0],"1":[0,0],"2":[0,0],"3":[0,0],"4":[0,0],"5":[0],"6":[0,0],"7":[0,0],"8":[0,0],"9":[0,0],"10":[0,0],"11":[0,0],"12":[0,0],"13":[0,0],"14":[0,0],"15":[0,0],"16":[0,0],"17":[0,0],"18":[0,0,0],"19":[0,0],"20":[0,0],"21":[0,0],"22":[0,0],"23":[0,0]},"_coverageSchema":"1a1c01bbd47fc00a2c39e90264f33305004495a9","hash":"cb57427e700c9bc0709ec465ccff0ad04d2de986"}
}
