TN:
SF:server.js
FN:25,(anonymous_0)
FN:29,(anonymous_1)
FN:34,(anonymous_2)
FNF:3
FNH:2
FNDA:1,(anonymous_0)
FNDA:5,(anonymous_1)
FNDA:0,(anonymous_2)
DA:1,1
DA:2,1
DA:3,1
DA:4,1
DA:5,1
DA:6,1
DA:8,1
DA:11,1
DA:12,1
DA:13,1
DA:14,1
DA:15,1
DA:17,1
DA:18,1
DA:21,1
DA:22,1
DA:25,1
DA:26,1
DA:29,1
DA:30,5
DA:33,1
DA:34,0
DA:37,1
LF:23
LH:22
BRDA:33,0,0,0
BRDA:33,0,1,1
BRF:2
BRH:1
end_of_record
TN:
SF:routes\contactRoutes.js
FN:7,(anonymous_0)
FNF:1
FNH:0
FNDA:0,(anonymous_0)
DA:1,1
DA:2,1
DA:4,1
DA:7,1
DA:8,0
DA:10,0
DA:11,0
DA:14,0
DA:15,0
DA:25,0
DA:26,0
DA:28,0
DA:29,0
DA:32,0
DA:40,0
DA:42,0
DA:43,0
DA:47,1
LF:18
LH:5
BRDA:8,0,0,0
BRDA:8,0,1,0
BRDA:10,1,0,0
BRDA:10,1,1,0
BRDA:10,2,0,0
BRDA:10,2,1,0
BRDA:10,2,2,0
BRDA:17,3,0,0
BRDA:17,3,1,0
BRDA:25,4,0,0
BRDA:25,4,1,0
BRDA:26,5,0,0
BRDA:26,5,1,0
BRDA:28,6,0,0
BRDA:28,6,1,0
BRDA:28,7,0,0
BRDA:28,7,1,0
BRDA:28,7,2,0
BRF:18
BRH:0
end_of_record
TN:
SF:routes\scanRoutes.js
FN:86,(anonymous_0)
FN:111,(anonymous_1)
FN:116,(anonymous_2)
FNF:3
FNH:0
FNDA:0,(anonymous_0)
FNDA:0,(anonymous_1)
FNDA:0,(anonymous_2)
DA:79,1
DA:80,1
DA:81,1
DA:82,1
DA:83,1
DA:86,1
DA:87,0
DA:88,0
DA:90,0
DA:91,0
DA:92,0
DA:94,0
DA:102,0
DA:103,0
DA:111,1
DA:112,0
DA:113,0
DA:115,0
DA:116,0
DA:117,0
DA:118,0
DA:119,0
DA:123,0
DA:127,1
LF:24
LH:8
BRDA:88,0,0,0
BRDA:88,0,1,0
BRDA:99,1,0,0
BRDA:99,1,1,0
BRDA:105,2,0,0
BRDA:105,2,1,0
BRDA:105,3,0,0
BRDA:105,3,1,0
BRDA:115,4,0,0
BRDA:115,4,1,0
BRDA:117,5,0,0
BRDA:117,5,1,0
BRF:12
BRH:0
end_of_record
TN:
SF:utils\scanner.js
FN:8,parseAlertsFromXML
FN:14,(anonymous_1)
FN:15,(anonymous_2)
FN:33,generatePDF
FN:41,(anonymous_4)
FN:64,runZAPScan
FN:65,(anonymous_6)
FN:116,(anonymous_7)
FN:152,(anonymous_8)
FNF:9
FNH:0
FNDA:0,parseAlertsFromXML
FNDA:0,(anonymous_1)
FNDA:0,(anonymous_2)
FNDA:0,generatePDF
FNDA:0,(anonymous_4)
FNDA:0,runZAPScan
FNDA:0,(anonymous_6)
FNDA:0,(anonymous_7)
FNDA:0,(anonymous_8)
DA:1,1
DA:2,1
DA:3,1
DA:4,1
DA:5,1
DA:9,0
DA:10,0
DA:11,0
DA:13,0
DA:14,0
DA:15,0
DA:16,0
DA:17,0
DA:20,0
DA:29,0
DA:34,0
DA:35,0
DA:37,0
DA:38,0
DA:40,0
DA:41,0
DA:42,0
DA:46,0
DA:54,0
DA:57,0
DA:60,0
DA:65,0
DA:66,0
DA:67,0
DA:68,0
DA:69,0
DA:70,0
DA:72,0
DA:73,0
DA:75,0
DA:76,0
DA:78,0
DA:79,0
DA:81,0
DA:90,0
DA:92,0
DA:101,0
DA:103,0
DA:104,0
DA:106,0
DA:112,0
DA:117,0
DA:118,0
DA:120,0
DA:121,0
DA:129,0
DA:130,0
DA:131,0
DA:132,0
DA:133,0
DA:134,0
DA:135,0
DA:136,0
DA:140,0
DA:148,0
DA:149,0
DA:152,0
DA:153,0
DA:155,0
DA:156,0
DA:158,0
DA:169,1
LF:67
LH:6
BRDA:13,0,0,0
BRDA:13,0,1,0
BRDA:17,1,0,0
BRDA:17,1,1,0
BRDA:40,2,0,0
BRDA:40,2,1,0
BRDA:49,3,0,0
BRDA:49,3,1,0
BRDA:50,4,0,0
BRDA:50,4,1,0
BRDA:64,5,0,0
BRDA:76,6,0,0
BRDA:76,6,1,0
BRDA:78,7,0,0
BRDA:78,7,1,0
BRDA:90,8,0,0
BRDA:90,8,1,0
BRDA:106,9,0,0
BRDA:106,9,1,0
BRDA:108,10,0,0
BRDA:108,10,1,0
BRDA:113,11,0,0
BRDA:113,11,1,0
BRDA:117,12,0,0
BRDA:117,12,1,0
BRDA:118,13,0,0
BRDA:118,13,1,0
BRDA:120,14,0,0
BRDA:120,14,1,0
BRDA:130,15,0,0
BRDA:130,15,1,0
BRDA:130,16,0,0
BRDA:130,16,1,0
BRDA:133,17,0,0
BRDA:133,17,1,0
BRDA:141,18,0,0
BRDA:141,18,1,0
BRDA:141,18,2,0
BRDA:142,19,0,0
BRDA:142,19,1,0
BRDA:143,20,0,0
BRDA:143,20,1,0
BRDA:144,21,0,0
BRDA:144,21,1,0
BRDA:148,22,0,0
BRDA:148,22,1,0
BRDA:153,23,0,0
BRDA:153,23,1,0
BRF:48
BRH:0
end_of_record
